<?xml version="1.0" encoding="UTF-8"?>
<!-- Generated by org.testng.reporters.JUnitXMLReporter -->
<testsuite hostname="MAHANTESH-PC" name="Default test(failed)" tests="2" failures="1" timestamp="27 Dec 2019 18:19:05 GMT" time="0.006" errors="0">
  <testcase name="test2" time="0.001" classname="demo3.TestNGRetryFailed"/>
  <testcase name="test3" time="0.001" classname="demo3.TestNGRetryFailed">
    <failure type="java.lang.AssertionError" message="expected [true] but found [false]">
      <![CDATA[java.lang.AssertionError: expected [true] but found [false]
	at demo3.TestNGRetryFailed.test3(TestNGRetryFailed.java:19)
... Removed 28 stack frames]]>
    </failure>
  </testcase> <!-- test3 -->
</testsuite> <!-- Default test(failed) -->
